<?xml version="1.0" encoding="UTF-8"?>
<!-- Generated by org.testng.reporters.JUnitReportReporter -->
<testsuite skipped="0" hostname="DESKTOP-BLLERUD" name="practice.rendomPractice2" tests="1" failures="0" timestamp="29 Jul 2019 01:07:06 GMT" time="11.411" errors="0">
  <testcase name="alert" time="11.411" classname="practice.rendomPractice2"/>
</testsuite> <!-- practice.rendomPractice2 -->
