<?xml version="1.0" encoding="UTF-8"?>
<!-- Generated by org.testng.reporters.JUnitReportReporter -->
<testsuite skipped="0" hostname="DESKTOP-BLLERUD" name="TestNG.testng1" tests="2" failures="0" timestamp="13 Jul 2019 14:58:28 GMT" time="0.036" errors="0">
  <testcase name="testesd" time="0.016" classname="TestNG.testng1"/>
  <testcase name="testba" time="0.020" classname="TestNG.testng1"/>
</testsuite> <!-- TestNG.testng1 -->
